[debug] [2018-05-11T09:54:49.512Z] ----------------------------------------------------------------------
[debug] [2018-05-11T09:54:49.515Z] Command:       /usr/local/Cellar/node/8.4.0/bin/node /usr/local/bin/firebase deploy
[debug] [2018-05-11T09:54:49.515Z] CLI Version:   3.17.1
[debug] [2018-05-11T09:54:49.515Z] Platform:      darwin
[debug] [2018-05-11T09:54:49.515Z] Node Version:  v8.4.0
[debug] [2018-05-11T09:54:49.516Z] Time:          Fri May 11 2018 17:54:49 GMT+0800 (+08)
[debug] [2018-05-11T09:54:49.516Z] ----------------------------------------------------------------------
[debug] 
[debug] [2018-05-11T09:54:49.536Z] > command requires scopes: ["email","openid","https://www.googleapis.com/auth/cloudplatformprojects.readonly","https://www.googleapis.com/auth/firebase","https://www.googleapis.com/auth/cloud-platform"]
[debug] [2018-05-11T09:54:49.538Z] > authorizing via signed-in user
[debug] [2018-05-11T09:54:49.541Z] > refreshing access token with scopes: ["email","https://www.googleapis.com/auth/cloud-platform","https://www.googleapis.com/auth/cloudplatformprojects.readonly","https://www.googleapis.com/auth/firebase","openid"]
[debug] [2018-05-11T09:54:49.542Z] >>> HTTP REQUEST POST https://www.googleapis.com/oauth2/v3/token  
 { refresh_token: '1/DTe1rRGdisP1DPiL03lGNyqzgcu5YSIeOrxgtMXGRB0',
  client_id: '563584335869-fgrhgmd47bqnekij5i8b5pr03ho849e6.apps.googleusercontent.com',
  client_secret: 'j9iVZfS8kkCEFUPaAeJV0sAi',
  grant_type: 'refresh_token',
  scope: 'email https://www.googleapis.com/auth/cloud-platform https://www.googleapis.com/auth/cloudplatformprojects.readonly https://www.googleapis.com/auth/firebase openid' } 
 Fri May 11 2018 17:54:49 GMT+0800 (+08)
[debug] [2018-05-11T09:54:49.780Z] <<< HTTP RESPONSE 200
[debug] [2018-05-11T09:54:49.798Z] >>> HTTP REQUEST GET https://admin.firebase.com/v1/projects/ae-aglity-challenge  
  
 Fri May 11 2018 17:54:49 GMT+0800 (+08)
[debug] [2018-05-11T09:54:50.944Z] <<< HTTP RESPONSE 200
[debug] [2018-05-11T09:54:50.945Z] >>> HTTP REQUEST GET https://admin.firebase.com/v1/database/ae-aglity-challenge/tokens  
  
 Fri May 11 2018 17:54:50 GMT+0800 (+08)
